Using pre-set license
Built from '2020.3/staging' branch; Version is '2020.3.23f1 (c5d91304a876) revision 12966163'; Using compiler version '192528614'; Build Type 'Release'
OS: 'Windows 10 Home; OS build 19043.1348; Version 2009; 64bit' Language: 'pl' Physical Memory: 32637 MB
BatchMode: 1, IsHumanControllingUs: 0, StartBugReporterOnCrash: 0, Is64bit: 1, IsPro: 0

COMMAND LINE ARGUMENTS:
C:\Program Files\Unity\Hub\Editor\2020.3.23f1\Editor\Unity.exe
-adb2
-batchMode
-noUpm
-name
AssetImportWorker0
-projectPath
D:/Projekty/WaterIsAllICanSee/WaterIsAllICanSee
-logFile
Logs/AssetImportWorker0.log
-srvPort
64846
Successfully changed project path to: D:/Projekty/WaterIsAllICanSee/WaterIsAllICanSee
D:/Projekty/WaterIsAllICanSee/WaterIsAllICanSee
Using Asset Import Pipeline V2.
Refreshing native plugins compatible for Editor in 90.15 ms, found 2 plugins.
Preloading 0 native plugins for Editor in 0.00 ms.
Initialize engine version: 2020.3.23f1 (c5d91304a876)
[Subsystems] Discovering subsystems at path C:/Program Files/Unity/Hub/Editor/2020.3.23f1/Editor/Data/Resources/UnitySubsystems
[Subsystems] Discovering subsystems at path D:/Projekty/WaterIsAllICanSee/WaterIsAllICanSee/Assets
GfxDevice: creating device client; threaded=0
Direct3D:
    Version:  Direct3D 11.0 [level 11.1]
    Renderer: NVIDIA GeForce RTX 3070 (ID=0x2484)
    Vendor:   
    VRAM:     8043 MB
    Driver:   30.0.14.9676
Initialize mono
Mono path[0] = 'C:/Program Files/Unity/Hub/Editor/2020.3.23f1/Editor/Data/Managed'
Mono path[1] = 'C:/Program Files/Unity/Hub/Editor/2020.3.23f1/Editor/Data/MonoBleedingEdge/lib/mono/unityjit'
Mono config path = 'C:/Program Files/Unity/Hub/Editor/2020.3.23f1/Editor/Data/MonoBleedingEdge/etc'
Using monoOptions --debugger-agent=transport=dt_socket,embedding=1,server=y,suspend=n,address=127.0.0.1:56888
Begin MonoManager ReloadAssembly
Registering precompiled unity dll's ...
Register platform support module: C:/Program Files/Unity/Hub/Editor/2020.3.23f1/Editor/Data/PlaybackEngines/WindowsStandaloneSupport/UnityEditor.WindowsStandalone.Extensions.dll
Registered in 0.001188 seconds.
Native extension for WindowsStandalone target not found
Refreshing native plugins compatible for Editor in 64.76 ms, found 2 plugins.
Preloading 0 native plugins for Editor in 0.00 ms.
Mono: successfully reloaded assembly
- Completed reload, in  0.401 seconds
Domain Reload Profiling:
	ReloadAssembly (401ms)
		BeginReloadAssembly (32ms)
			ExecutionOrderSort (0ms)
			DisableScriptedObjects (0ms)
			BackupInstance (0ms)
			ReleaseScriptingObjects (0ms)
			CreateAndSetChildDomain (0ms)
		EndReloadAssembly (322ms)
			LoadAssemblies (31ms)
			RebuildTransferFunctionScriptingTraits (0ms)
			SetupTypeCache (93ms)
			ReleaseScriptCaches (0ms)
			RebuildScriptCaches (17ms)
			SetupLoadedEditorAssemblies (145ms)
				LogAssemblyErrors (0ms)
				InitializePlatformSupportModulesInManaged (3ms)
				SetLoadedEditorAssemblies (0ms)
				RefreshPlugins (65ms)
				BeforeProcessingInitializeOnLoad (10ms)
				ProcessInitializeOnLoadAttributes (50ms)
				ProcessInitializeOnLoadMethodAttributes (17ms)
				AfterProcessingInitializeOnLoad (0ms)
				EditorAssembliesLoaded (0ms)
			ExecutionOrderSort2 (0ms)
			AwakeInstancesAfterBackupRestoration (0ms)
Platform modules already initialized, skipping
Registering precompiled user dll's ...
Registered in 0.003102 seconds.
Begin MonoManager ReloadAssembly
Symbol file data-000001F3166E6110 doesn't match image D:\Projekty\WaterIsAllICanSee\WaterIsAllICanSee\Library\ScriptAssemblies\Assembly-CSharp-Editor.dll
Symbol file LoadedFromMemory is not a mono symbol file
Error: Could not load signature of ReadmeEditor:SelectReadme due to: Could not load file or assembly 'Assembly-CSharp, Version=0.0.0.0, Culture=neutral, PublicKeyToken=null' or one of its dependencies. assembly:Assembly-CSharp, Version=0.0.0.0, Culture=neutral, PublicKeyToken=null type:<unknown type> member:(null) signature:<none>
Could not load signature of ReadmeEditor:SelectReadme due to: Could not load file or assembly 'Assembly-CSharp, Version=0.0.0.0, Culture=neutral, PublicKeyToken=null' or one of its dependencies. assembly:Assembly-CSharp, Version=0.0.0.0, Culture=neutral, PublicKeyToken=null type:<unknown type> member:(null) signature:<none>
Unloading broken assembly Library/ScriptAssemblies/Assembly-CSharp-Editor.dll, this assembly can cause crashes in the runtime
Native extension for WindowsStandalone target not found
Refreshing native plugins compatible for Editor in 71.13 ms, found 2 plugins.
Preloading 0 native plugins for Editor in 0.00 ms.
Mono: successfully reloaded assembly
- Completed reload, in  1.032 seconds
Domain Reload Profiling:
	ReloadAssembly (1032ms)
		BeginReloadAssembly (96ms)
			ExecutionOrderSort (0ms)
			DisableScriptedObjects (3ms)
			BackupInstance (0ms)
			ReleaseScriptingObjects (0ms)
			CreateAndSetChildDomain (13ms)
		EndReloadAssembly (898ms)
			LoadAssemblies (66ms)
			RebuildTransferFunctionScriptingTraits (0ms)
			SetupTypeCache (235ms)
			ReleaseScriptCaches (0ms)
			RebuildScriptCaches (54ms)
			SetupLoadedEditorAssemblies (456ms)
				LogAssemblyErrors (0ms)
				InitializePlatformSupportModulesInManaged (2ms)
				SetLoadedEditorAssemblies (0ms)
				RefreshPlugins (71ms)
				BeforeProcessingInitializeOnLoad (70ms)
				ProcessInitializeOnLoadAttributes (203ms)
				ProcessInitializeOnLoadMethodAttributes (105ms)
				AfterProcessingInitializeOnLoad (4ms)
				EditorAssembliesLoaded (0ms)
			ExecutionOrderSort2 (0ms)
			AwakeInstancesAfterBackupRestoration (4ms)
Platform modules already initialized, skipping
========================================================================
Worker process is ready to serve import requests
Launched and connected shader compiler UnityShaderCompiler.exe after 0.04 seconds
Refreshing native plugins compatible for Editor in 0.79 ms, found 2 plugins.
Preloading 0 native plugins for Editor in 0.00 ms.
Unloading 4185 Unused Serialized files (Serialized files now loaded: 0)
System memory in use before: 281.6 MB.
System memory in use after: 281.8 MB.

Unloading 23 unused Assets to reduce memory usage. Loaded Objects now: 4654.
Total: 20.669900 ms (FindLiveObjects: 0.810300 ms CreateObjectMapping: 0.241400 ms MarkObjects: 6.320600 ms  DeleteObjects: 13.295300 ms)

AssetImportParameters requested are different than current active one (requested -> active):
  custom:framework-win-MediaFoundation: 216162199b28c13a410421893ffa2e32 -> 
  custom:video-decoder-ogg-theora: a1e56fd34408186e4bbccfd4996cb3dc -> 
  custom:container-muxer-webm: aa71ff27fc2769a1b78a27578f13a17b -> 
  custom:container-demuxer-webm: 4f35f7cbe854078d1ac9338744f61a02 -> 
  custom:container-demuxer-ogg: 62fdf1f143b41e24485cea50d1cbac27 -> 
  custom:video-encoder-webm-vp8: eb34c28f22e8b96e1ab97ce403110664 -> 
  custom:video-decoder-webm-vp8: 9c59270c3fd7afecdb556c50c9e8de78 -> 
  custom:audio-decoder-ogg-vorbis: bf7c407c2cedff20999df2af8eb42d56 -> 
  custom:audio-encoder-webm-vorbis: bf7c407c2cedff20999df2af8eb42d56 -> 
========================================================================
Received Import Request.
  path: Assets/Jiba.cs
  artifactKey: Guid(3dd9e99c534ecbb48be8416dcb2e5372) Importer(815301076,1909f56bfc062723c751e8b465ee728b)
Start importing Assets/Jiba.cs using Guid(3dd9e99c534ecbb48be8416dcb2e5372) Importer(815301076,1909f56bfc062723c751e8b465ee728b)  -> (artifact id: '45f6dc480969ca8d33fbda0b64f946fb') in 0.032429 seconds 
  Import took 0.049664 seconds .

========================================================================
Received Import Request.
  Time since last request: 2.161779 seconds.
  path: Assets/WaterIsAllICanSee/Scripts/PlayerControllerFPS.prefab
  artifactKey: Guid(573ac53c334415945bf239de2c2f0511) Importer(815301076,1909f56bfc062723c751e8b465ee728b)
Start importing Assets/WaterIsAllICanSee/Scripts/PlayerControllerFPS.prefab using Guid(573ac53c334415945bf239de2c2f0511) Importer(815301076,1909f56bfc062723c751e8b465ee728b)  -> (artifact id: '0d12e8b147346cde37a1ccfb2991c66d') in 0.090321 seconds 
  Import took 0.098190 seconds .

========================================================================
Received Import Request.
  Time since last request: 18.449815 seconds.
  path: Assets/WaterIsAllICanSee/Scripts/PlayerMovement.cs
  artifactKey: Guid(87f6dfceb3e39a947a312f7eeaa2a113) Importer(815301076,1909f56bfc062723c751e8b465ee728b)
Start importing Assets/WaterIsAllICanSee/Scripts/PlayerMovement.cs using Guid(87f6dfceb3e39a947a312f7eeaa2a113) Importer(815301076,1909f56bfc062723c751e8b465ee728b)  -> (artifact id: '6df826d2841325992750eccb48e0a52e') in 0.011790 seconds 
  Import took 0.023206 seconds .

========================================================================
Received Import Request.
  Time since last request: 0.424216 seconds.
  path: Assets/WaterIsAllICanSee/Scripts/PlayerNavMesh.cs
  artifactKey: Guid(45135b5030c4b3845acb042bf0ad3e55) Importer(815301076,1909f56bfc062723c751e8b465ee728b)
Start importing Assets/WaterIsAllICanSee/Scripts/PlayerNavMesh.cs using Guid(45135b5030c4b3845acb042bf0ad3e55) Importer(815301076,1909f56bfc062723c751e8b465ee728b)  -> (artifact id: '83d1088de123cd741d72053417cbd7ba') in 0.165501 seconds 
  Import took 1.013209 seconds .

AssetImportWorkerClient::OnTransportError - code=2 error=End of file
