Using pre-set license
Built from '2020.3/staging' branch; Version is '2020.3.23f1 (c5d91304a876) revision 12966163'; Using compiler version '192528614'; Build Type 'Release'
OS: 'Windows 10 Pro; OS build 19042.1348; Version 2009; 64bit' Language: 'pl' Physical Memory: 8147 MB
BatchMode: 1, IsHumanControllingUs: 0, StartBugReporterOnCrash: 0, Is64bit: 1, IsPro: 0

COMMAND LINE ARGUMENTS:
E:\Unity\2020.3.23f1\Editor\Unity.exe
-adb2
-batchMode
-noUpm
-name
AssetImportWorker4
-projectPath
E:/GitProjects/WaterIsAllICanSee/WaterIsAllICanSee
-logFile
Logs/AssetImportWorker4.log
-srvPort
63784
Successfully changed project path to: E:/GitProjects/WaterIsAllICanSee/WaterIsAllICanSee
E:/GitProjects/WaterIsAllICanSee/WaterIsAllICanSee
Using Asset Import Pipeline V2.
